<?xml version="1.0" encoding="UTF-8"?>
<!-- Generated by org.testng.reporters.JUnitReportReporter -->
<testsuite hostname="LAPTOP-JPAOG5NK" failures="0" tests="1" name="Day7.FakerDataGenerator" time="0.183" errors="0" timestamp="2023-10-07T16:20:35 IST" skipped="0">
  <testcase classname="Day7.FakerDataGenerator" name="testgenerateDummyData" time="0.183"/>
  <system-out/>
</testsuite> <!-- Day7.FakerDataGenerator -->
