<?xml version="1.0" encoding="UTF-8"?>
<!-- Generated by org.testng.reporters.JUnitReportReporter -->
<testsuite hostname="LAPTOP-JPAOG5NK" failures="0" tests="2" name="Day2.DifferntWaysToCreatePostRequestBody" time="1.905" errors="0" timestamp="2023-08-26T20:48:50 IST" skipped="0">
  <testcase classname="Day2.DifferntWaysToCreatePostRequestBody" name="testPostusingExternalJsonFile" time="1.854"/>
  <system-out/>
  <testcase classname="Day2.DifferntWaysToCreatePostRequestBody" name="testdelete" time="0.051"/>
  <system-out/>
</testsuite> <!-- Day2.DifferntWaysToCreatePostRequestBody -->
