<?xml version="1.0" encoding="UTF-8"?>
<!-- Generated by org.testng.reporters.JUnitReportReporter -->
<testsuite hostname="LAPTOP-JPAOG5NK" failures="0" tests="1" name="Day3.CookiesDemo" time="1.441" errors="0" timestamp="2023-08-28T22:46:00 IST" skipped="0">
  <testcase classname="Day3.CookiesDemo" name="getCookiesInfo" time="1.441"/>
  <system-out/>
</testsuite> <!-- Day3.CookiesDemo -->
