<?xml version="1.0" encoding="UTF-8"?>
<!-- Generated by org.testng.reporters.JUnitReportReporter -->
<testsuite hostname="LAPTOP-JPAOG5NK" failures="0" tests="1" name="Day3.PathAndQueryParameters" time="2.437" errors="0" timestamp="2023-08-28T21:41:36 IST" skipped="0">
  <testcase classname="Day3.PathAndQueryParameters" name="testQueryAndPathparameters" time="2.437"/>
  <system-out/>
</testsuite> <!-- Day3.PathAndQueryParameters -->
