<?xml version="1.0" encoding="UTF-8"?>
<!-- Generated by org.testng.reporters.JUnitReportReporter -->
<testsuite hostname="LAPTOP-JPAOG5NK" failures="0" tests="4" name="Day1.HttpRequests" time="3.555" errors="0" timestamp="2023-08-25T00:27:10 IST" skipped="0">
  <testcase classname="Day1.HttpRequests" name="getUser" time="1.934"/>
  <system-out/>
  <testcase classname="Day1.HttpRequests" name="createUser" time="0.700"/>
  <system-out/>
  <testcase classname="Day1.HttpRequests" name="updateUser" time="0.460"/>
  <system-out/>
  <testcase classname="Day1.HttpRequests" name="deleteUser" time="0.461"/>
  <system-out/>
</testsuite> <!-- Day1.HttpRequests -->
