<?xml version="1.0" encoding="UTF-8"?>
<!-- Generated by org.testng.reporters.JUnitReportReporter -->
<testsuite hostname="LAPTOP-JPAOG5NK" failures="0" tests="1" name="Day5.ParsingXMLResponse" time="12.738" errors="0" timestamp="2023-09-02T19:23:27 IST" skipped="0">
  <testcase classname="Day5.ParsingXMLResponse" name="testXmlResponseResponseBody" time="12.738"/>
  <system-out/>
</testsuite> <!-- Day5.ParsingXMLResponse -->
