<?xml version="1.0" encoding="UTF-8"?>
<!-- Generated by org.testng.reporters.JUnitReportReporter -->
<testsuite hostname="LAPTOP-JPAOG5NK" failures="0" tests="5" name="Day7.Authentication" time="40.831" errors="0" timestamp="2023-10-07T16:03:26 IST" skipped="0">
  <testcase classname="Day7.Authentication" name="testBasicAuthentication" time="14.512"/>
  <system-out/>
  <testcase classname="Day7.Authentication" name="testDigestAuthentication" time="1.664"/>
  <system-out/>
  <testcase classname="Day7.Authentication" name="testPreemptiveAuthentication" time="1.443"/>
  <system-out/>
  <testcase classname="Day7.Authentication" name="testBearerTokenAuthentication" time="11.639"/>
  <system-out/>
  <testcase classname="Day7.Authentication" name="testAPIKeyAuthentication" time="11.573"/>
  <system-out/>
</testsuite> <!-- Day7.Authentication -->
