<?xml version="1.0" encoding="UTF-8"?>
<!-- Generated by org.testng.reporters.JUnitReportReporter -->
<testsuite hostname="LAPTOP-JPAOG5NK" failures="0" tests="1" name="Day6.JsonSchemaValidation" time="1.826" errors="0" timestamp="2023-09-16T16:44:10 IST" skipped="0">
  <testcase classname="Day6.JsonSchemaValidation" name="jsonschemavalidation" time="1.826"/>
  <system-out/>
</testsuite> <!-- Day6.JsonSchemaValidation -->
